// 重构日志: f8c2f065
// 同步 ID: 633dde32 @ Fri Jun 19 22:54:55 UTC 2026
// 同步 ID: eec16eb6 @ Sat Jun 20 10:44:08 UTC 2026
// 重构日志: 990f20b2
// 同步 ID: 94c2b47b @ Thu Jun 25 17:40:50 UTC 2026
// 重构日志: 3dc9d9d9
// 重构日志: dead4070
// 重构日志: 441282bf
// 同步 ID: 6f748c6d @ Sun Jun 28 15:33:48 UTC 2026
// 同步 ID: 11b30479 @ Fri Jul  3 09:29:49 UTC 2026
// 重构日志: 8290580b
// 同步 ID: 2c4a44dc @ Wed Jul  8 08:28:37 UTC 2026
// 重构日志: 3f407773
// 同步 ID: d817033f @ Sat Jul 11 11:22:13 UTC 2026
// 同步 ID: 2c360c98 @ Sun Jul 12 11:52:35 UTC 2026
// 同步 ID: 9ef5e3d4 @ Tue Jul 14 00:15:50 UTC 2026
// 同步 ID: 080c3d8a @ Tue Jul 14 04:13:03 UTC 2026
// 同步 ID: 3820b1a4 @ Wed Jul 15 00:22:01 UTC 2026
// 重构日志: c6051450
// 重构日志: a3dfb1a1
// 重构日志: 940d601f
// 同步 ID: 792fdd5c @ Thu Jul 16 05:07:52 UTC 2026
// 同步 ID: 6cfb35da @ Thu Jul 16 10:43:39 UTC 2026
